{ "msg_showcmd", "sl:1", "tick:771", false, { { 0, "<20>" } } }
{ "msg_showcmd", "sl:1", "tick:772", false, { { 0, "<20>" } } }
{ "msg_showcmd", "sl:1", "tick:773", false, { { 0, "<20>f" } } }
{ "msg_ruler", "sl:1", "tick:774", false, { { 1, "1,0-1         All" } } }
{ "msg_showcmd", "sl:1", "tick:775", false, { { 0, "A" } } }
{ "msg_showmode", "sl:1", "tick:776", false, { { 99, "-- INSERT --" } } }
{ "msg_ruler", "sl:1", "tick:777", false, { { 1, "1,3           All" } } }
{ "msg_ruler", "sl:1", "tick:781", false, { { 1, "1,4           All" } } }
{ "msg_ruler", "sl:1", "tick:783", false, { { 1, "1,5           All" } } }
{ "msg_ruler", "sl:1", "tick:785", false, { { 1, "1,6           All" } } }
{ "msg_showcmd", "sl:1", "tick:787", false, { { 0, ":" } } }
{ "cmdline_show", "sl:1", "tick:788", "mode:c", { { 0, "" } } }
{ "msg_showmode", "sl:2", "tick:791", "mode:c", {} }
{ "cmdline_hide", "sl:1", "tick:792", false, 1 }
{ "msg_showcmd", "sl:1", "tick:793", false, { { 0, "^[" } } }
{ "msg_showcmd", "sl:1", "tick:795", false, { { 0, "^[" } } }
{ "msg_showcmd", "sl:1", "tick:797", false, { { 0, "~@k" } } }
{ "msg_showcmd", "sl:1", "tick:799", false, { { 0, "~@k" } } }
{ "msg_showcmd", "sl:1", "tick:801", false, { { 0, "V" } } }
{ "msg_showcmd", "sl:1", "tick:802", false, { { 0, "1" } } }
{ "msg_showmode", "sl:1", "tick:803", false, { { 99, "-- VISUAL LINE --" } } }
{ "msg_showcmd", "sl:1", "tick:806", false, { { 0, "~@k" } } }
{ "msg_showcmd", "sl:1", "tick:807", false, { { 0, "2" } } }
{ "msg_showcmd", "sl:1", "tick:809", false, { { 0, "~@k" } } }
{ "msg_showcmd", "sl:1", "tick:810", false, { { 0, "3" } } }
{ "msg_showcmd", "sl:1", "tick:812", false, { { 0, "~@k" } } }
{ "msg_showcmd", "sl:1", "tick:813", false, { { 0, "4" } } }
{ "msg_showcmd", "sl:1", "tick:815", false, { { 0, "^[" } } }
{ "msg_showmode", "sl:1", "tick:816", false, {} }
{ "msg_showcmd", "sl:1", "tick:818", false, { { 0, "^[" } } }
{ "msg_showcmd", "sl:1", "tick:820", false, { { 0, "^[" } } }
{ "msg_showcmd", "sl:1", "tick:822", false, { { 0, "V" } } }
{ "msg_showcmd", "sl:1", "tick:823", false, { { 0, "1" } } }
{ "msg_showmode", "sl:1", "tick:824", false, { { 99, "-- VISUAL LINE --" } } }
{ "msg_showcmd", "sl:1", "tick:827", false, { { 0, "~@k" } } }
{ "msg_showcmd", "sl:1", "tick:828", false, { { 0, "2" } } }
{ "msg_showcmd", "sl:1", "tick:830", false, { { 0, "y" } } }
{ "msg_showmode", "sl:1", "tick:831", false, {} }
{ "msg_showcmd", "sl:1", "tick:833", false, { { 0, "~@k" } } }
{ "msg_showcmd", "sl:1", "tick:835", false, { { 0, "~@k" } } }
{ "msg_showcmd", "sl:1", "tick:837", false, { { 0, "V" } } }
{ "msg_showcmd", "sl:1", "tick:838", false, { { 0, "1" } } }
{ "msg_showmode", "sl:1", "tick:839", false, { { 99, "-- VISUAL LINE --" } } }
{ "msg_showcmd", "sl:1", "tick:842", false, { { 0, "~@k" } } }
{ "msg_showcmd", "sl:1", "tick:843", false, { { 0, "2" } } }
{ "msg_showcmd", "sl:1", "tick:845", false, { { 0, "y" } } }
{ "msg_showmode", "sl:1", "tick:846", false, {} }
{ "msg_showcmd", "sl:1", "tick:848", false, { { 0, "^[" } } }
{ "msg_showcmd", "sl:1", "tick:850", false, { { 0, "~@k" } } }
{ "msg_showcmd", "sl:1", "tick:852", false, { { 0, "~@k" } } }
{ "msg_showcmd", "sl:1", "tick:854", false, { { 0, "~@k" } } }
{ "msg_showcmd", "sl:1", "tick:856", false, { { 0, "V" } } }
{ "msg_showcmd", "sl:1", "tick:857", false, { { 0, "1" } } }
{ "msg_showmode", "sl:1", "tick:858", false, { { 99, "-- VISUAL LINE --" } } }
{ "msg_showcmd", "sl:1", "tick:861", false, { { 0, "~@k" } } }
{ "msg_showcmd", "sl:1", "tick:862", false, { { 0, "2" } } }
{ "msg_showcmd", "sl:1", "tick:864", false, { { 0, "~@k" } } }
{ "msg_showcmd", "sl:1", "tick:865", false, { { 0, "3" } } }
{ "msg_showcmd", "sl:1", "tick:867", false, { { 0, "y" } } }
{ "msg_showmode", "sl:1", "tick:868", false, {} }
{ "msg_show", "sl:1", "tick:869", false, "echo" }
{ "msg_showcmd", "sl:1", "tick:872", false, { { 0, "^[" } } }
{ "msg_showcmd", "sl:1", "tick:874", false, { { 0, ":" } } }
{ "cmdline_show", "sl:1", "tick:875", "mode:c", { { 0, "" } } }
{ "cmdline_show", "sl:1", "tick:878", "mode:c", { { 0, "N" } } }
{ "cmdline_show", "sl:1", "tick:880", "mode:c", { { 0, "No" } } }
{ "cmdline_show", "sl:1", "tick:882", "mode:c", { { 0, "Noi" } } }
{ "cmdline_show", "sl:1", "tick:884", "mode:c", { { 0, "Noice" } } }
{ "cmdline_show", "sl:1", "tick:886", "mode:c", { { 0, "Noic" } } }
{ "cmdline_show", "sl:1", "tick:888", "mode:c", { { 0, "Noi" } } }
{ "cmdline_show", "sl:1", "tick:890", "mode:c", { { 0, "No" } } }
{ "cmdline_show", "sl:1", "tick:892", "mode:c", { { 0, "N" } } }
{ "cmdline_show", "sl:1", "tick:894", "mode:c", { { 0, "" } } }
{ "cmdline_hide", "sl:1", "tick:896", false, 1 }
{ "msg_showcmd", "sl:1", "tick:897", false, { { 0, "~@k" } } }
{ "msg_showcmd", "sl:1", "tick:899", false, { { 0, "~@k" } } }
{ "msg_showcmd", "sl:1", "tick:901", false, { { 0, ":" } } }
{ "cmdline_show", "sl:1", "tick:902", "mode:c", { { 0, "" } } }
{ "cmdline_show", "sl:1", "tick:905", "mode:c", { { 0, "N" } } }
{ "cmdline_show", "sl:1", "tick:907", "mode:c", { { 0, "Ne" } } }
{ "cmdline_show", "sl:1", "tick:909", "mode:c", { { 0, "Neo" } } }
{ "cmdline_show", "sl:1", "tick:911", "mode:c", { { 0, "Neotest" } } }
{ "cmdline_show", "sl:1", "tick:913", "mode:c", { { 0, "Neotes" } } }
{ "cmdline_show", "sl:1", "tick:915", "mode:c", { { 0, "Neote" } } }
{ "cmdline_show", "sl:1", "tick:917", "mode:c", { { 0, "Neot" } } }
{ "cmdline_show", "sl:1", "tick:919", "mode:c", { { 0, "Neo" } } }
{ "cmdline_show", "sl:1", "tick:921", "mode:c", { { 0, "Neotest" } } }
{ "cmdline_hide", "sl:1", "tick:923", false, 1 }
{ "msg_show", "sl:1", "tick:924", false, "emsg" }
{ "msg_showcmd", "sl:1", "tick:926", false, { { 0, "<80>" } } }
{ "msg_showcmd", "sl:1", "tick:927", false, { { 0, "<80>ü" } } }
{ "msg_showcmd", "sl:1", "tick:928", false, { { 0, "<80>ü^D" } } }
{ "msg_showcmd", "sl:1", "tick:929", false, { { 0, "<80>ü^DW" } } }
{ "msg_showcmd", "sl:1", "tick:931", false, { { 0, "^[" } } }
{ "msg_showcmd", "sl:1", "tick:933", false, { { 0, "<20>" } } }
{ "msg_showcmd", "sl:1", "tick:934", false, { { 0, "<20>" } } }
{ "msg_showcmd", "sl:1", "tick:935", false, { { 0, "<20>f" } } }
{ "msg_ruler", "sl:1", "tick:936", false, { { 1, "1,0-1         All" } } }
{ "msg_showcmd", "sl:1", "tick:937", false, { { 0, "A" } } }
{ "msg_showmode", "sl:1", "tick:938", false, { { 99, "-- INSERT --" } } }
{ "msg_ruler", "sl:1", "tick:939", false, { { 1, "1,3           All" } } }
{ "msg_ruler", "sl:1", "tick:943", false, { { 1, "1,4           All" } } }
{ "msg_ruler", "sl:1", "tick:945", false, { { 1, "1,5           All" } } }
{ "msg_ruler", "sl:1", "tick:947", false, { { 1, "1,6           All" } } }
{ "msg_ruler", "sl:1", "tick:949", false, { { 1, "1,7           All" } } }
{ "msg_ruler", "sl:1", "tick:951", false, { { 1, "1,8           All" } } }
{ "msg_showcmd", "sl:1", "tick:953", false, { { 0, "~@k" } } }
{ "msg_showcmd", "sl:1", "tick:955", false, { { 0, "~@k" } } }
{ "msg_showcmd", "sl:1", "tick:957", false, { { 0, "~@k" } } }
{ "msg_showcmd", "sl:1", "tick:959", false, { { 0, "~@k" } } }
{ "msg_showcmd", "sl:1", "tick:961", false, { { 0, "~@k" } } }
{ "msg_showcmd", "sl:1", "tick:963", false, { { 0, "~@k" } } }
{ "msg_showcmd", "sl:1", "tick:965", false, { { 0, "~@k" } } }
{ "msg_showcmd", "sl:1", "tick:967", false, { { 0, "~@k" } } }
{ "msg_showcmd", "sl:1", "tick:969", false, { { 0, "~@k" } } }
{ "msg_showcmd", "sl:1", "tick:971", false, { { 0, "~@k" } } }
{ "msg_showcmd", "sl:1", "tick:973", false, { { 0, "~@k" } } }
{ "msg_showcmd", "sl:1", "tick:975", false, { { 0, "~@k" } } }
{ "msg_showcmd", "sl:1", "tick:977", false, { { 0, "V" } } }
{ "msg_showcmd", "sl:1", "tick:978", false, { { 0, "1" } } }
{ "msg_showmode", "sl:1", "tick:979", false, { { 99, "-- VISUAL LINE --" } } }
{ "msg_showcmd", "sl:1", "tick:982", false, { { 0, "~@k" } } }
{ "msg_showcmd", "sl:1", "tick:983", false, { { 0, "2" } } }
{ "msg_showcmd", "sl:1", "tick:985", false, { { 0, "^[" } } }
{ "msg_showmode", "sl:1", "tick:986", false, {} }
{ "msg_showcmd", "sl:1", "tick:988", false, { { 0, "~@k" } } }
{ "msg_showcmd", "sl:1", "tick:990", false, { { 0, "o" } } }
{ "msg_showmode", "sl:1", "tick:991", false, { { 99, "-- INSERT --" } } }
{ "msg_showmode", "sl:1", "tick:994", false, {} }
{ "msg_showcmd", "sl:1", "tick:995", false, { { 0, "~@k" } } }
{ "msg_showcmd", "sl:1", "tick:997", false, { { 0, "~@k" } } }
{ "msg_showcmd", "sl:1", "tick:999", false, { { 0, "V" } } }
{ "msg_showcmd", "sl:1", "tick:1000", false, { { 0, "1" } } }
{ "msg_showmode", "sl:1", "tick:1001", false, { { 99, "-- VISUAL LINE --" } } }
{ "msg_showcmd", "sl:1", "tick:1004", false, { { 0, "~@k" } } }
{ "msg_showcmd", "sl:1", "tick:1005", false, { { 0, "2" } } }
{ "msg_showcmd", "sl:1", "tick:1007", false, { { 0, "d" } } }
{ "msg_showmode", "sl:1", "tick:1008", false, {} }
{ "msg_showcmd", "sl:1", "tick:1010", false, { { 0, "^[" } } }
{ "msg_showcmd", "sl:1", "tick:1012", false, { { 0, "~@k" } } }
{ "msg_showcmd", "sl:1", "tick:1014", false, { { 0, "~@k" } } }
{ "msg_showcmd", "sl:1", "tick:1016", false, { { 0, "~@k" } } }
{ "msg_showcmd", "sl:1", "tick:1018", false, { { 0, "~@k" } } }
{ "msg_showcmd", "sl:1", "tick:1020", false, { { 0, "~@k" } } }
{ "msg_showcmd", "sl:1", "tick:1022", false, { { 0, "~@k" } } }
{ "msg_showcmd", "sl:1", "tick:1024", false, { { 0, "~@k" } } }
{ "msg_show", "sl:1", "tick:1026", false, "echo" }
{ "msg_show", "sl:1", "tick:1027", false, "" }
{ "msg_showcmd", "sl:1", "tick:1030", false, { { 0, "~@k" } } }
{ "msg_showcmd", "sl:1", "tick:1032", false, { { 0, "~@k" } } }
{ "msg_showcmd", "sl:1", "tick:1034", false, { { 0, "~@k" } } }
{ "msg_showcmd", "sl:1", "tick:1036", false, { { 0, "~@k" } } }
{ "msg_showcmd", "sl:1", "tick:1038", false, { { 0, "~@k" } } }
{ "msg_showcmd", "sl:1", "tick:1040", false, { { 0, "~@k" } } }
{ "msg_showcmd", "sl:1", "tick:1042", false, { { 0, "~@k" } } }
{ "msg_showcmd", "sl:1", "tick:1044", false, { { 0, "~@k" } } }
{ "msg_showcmd", "sl:1", "tick:1047", false, { { 0, "~@k" } } }
{ "msg_showcmd", "sl:1", "tick:1050", false, { { 0, "~@k" } } }
{ "msg_showcmd", "sl:1", "tick:1052", false, { { 0, "~@k" } } }
{ "msg_showcmd", "sl:1", "tick:1054", false, { { 0, "~@k" } } }
{ "msg_showcmd", "sl:1", "tick:1056", false, { { 0, "~@k" } } }
{ "msg_showcmd", "sl:1", "tick:1058", false, { { 0, "~@k" } } }
{ "msg_showcmd", "sl:1", "tick:1060", false, { { 0, "~@k" } } }
{ "msg_showcmd", "sl:1", "tick:1062", false, { { 0, "~@k" } } }
{ "msg_showcmd", "sl:1", "tick:1064", false, { { 0, "~@k" } } }
{ "msg_showcmd", "sl:1", "tick:1066", false, { { 0, "~@k" } } }
{ "msg_showcmd", "sl:1", "tick:1068", false, { { 0, "~@k" } } }
{ "msg_showcmd", "sl:1", "tick:1070", false, { { 0, "~@k" } } }
{ "msg_showcmd", "sl:1", "tick:1072", false, { { 0, "~@k" } } }
{ "msg_showcmd", "sl:1", "tick:1074", false, { { 0, "~@k" } } }
{ "msg_showcmd", "sl:1", "tick:1076", false, { { 0, "o" } } }
{ "msg_showmode", "sl:1", "tick:1077", false, { { 99, "-- INSERT --" } } }
{ "msg_showmode", "sl:1", "tick:1080", false, {} }
{ "msg_showcmd", "sl:1", "tick:1081", false, { { 0, "~@k" } } }
{ "msg_showcmd", "sl:1", "tick:1083", false, { { 0, "~@k" } } }
{ "msg_showcmd", "sl:1", "tick:1085", false, { { 0, "~@k" } } }
{ "msg_showcmd", "sl:1", "tick:1087", false, { { 0, "c" } } }
{ "msg_showcmd", "sl:1", "tick:1088", false, { { 0, "c" } } }
{ "msg_showcmd", "sl:1", "tick:1089", false, { { 0, "ci" } } }
{ "msg_showcmd", "sl:1", "tick:1090", "mode:no", { { 0, 'ci"' } } }
{ "msg_showmode", "sl:1", "tick:1092", false, { { 99, "-- INSERT --" } } }
{ "msg_showmode", "sl:1", "tick:1094", false, {} }
{ "msg_showcmd", "sl:1", "tick:1095", false, { { 0, "~@k" } } }
{ "msg_showcmd", "sl:1", "tick:1097", false, { { 0, "i" } } }
{ "msg_showmode", "sl:1", "tick:1098", false, { { 99, "-- INSERT --" } } }
{ "msg_showmode", "sl:1", "tick:1101", false, {} }
{ "msg_show", "sl:1", "tick:1102", false, "echo" }
{ "msg_show", "sl:1", "tick:1103", false, "" }
{ "msg_showcmd", "sl:1", "tick:1108", false, { { 0, ":" } } }
{ "cmdline_show", "sl:1", "tick:1109", "mode:c", { { 0, "" } } }
{ "cmdline_show", "sl:1", "tick:1112", "mode:c", { { 0, "q" } } }
{ "cmdline_show", "sl:1", "tick:1114", "mode:c", { { 0, "qa" } } }
{ "cmdline_show", "sl:1", "tick:1116", "mode:c", { { 0, "qa!" } } }
{ "cmdline_hide", "sl:1", "tick:1118", false, 1 }
